<?xml version="1.0" encoding="UTF-8"?>
<!-- Generated by org.testng.reporters.JUnitXMLReporter -->
<testsuite ignored="0" hostname="Animesh" failures="0" tests="3" name="Test" time="17.604" errors="0" timestamp="2024-10-24T00:25:44 IST">
  <testcase classname="testCases.TC001_AccountRegristrationTest" name="verify_account_registration" time="2.299"/>
  <testcase classname="testCases.TC002_LoginTest" name="verify_login" time="2.04"/>
  <testcase classname="testCases.TC_RF_002" name="verify_mandatory_fields_err" time="1.55"/>
</testsuite> <!-- Test -->
