<?xml version="1.0" encoding="UTF-8"?>
<testng-results ignored="0" total="3" passed="3" failed="0" skipped="0">
  <reporter-output>
  </reporter-output>
  <suite started-at="2024-10-29T00:15:26 IST" name="Master-Suite" finished-at="2024-10-29T00:15:42 IST" duration-ms="16028">
    <groups>
      <group name="Master">
        <method signature="TC001_AccountRegristrationTest.verify_account_registration()[pri:0, instance:testCases.TC001_AccountRegristrationTest@4efbca5a]" name="verify_account_registration" class="testCases.TC001_AccountRegristrationTest"/>
        <method signature="TC002_LoginTest.verify_login()[pri:0, instance:testCases.TC002_LoginTest@72967906]" name="verify_login" class="testCases.TC002_LoginTest"/>
        <method signature="TC_RF_002.verify_mandatory_fields_err()[pri:0, instance:testCases.TC_RF_002@5b8dfcc1]" name="verify_mandatory_fields_err" class="testCases.TC_RF_002"/>
      </group> <!-- Master -->
      <group name="Sanity">
        <method signature="TC002_LoginTest.verify_login()[pri:0, instance:testCases.TC002_LoginTest@72967906]" name="verify_login" class="testCases.TC002_LoginTest"/>
      </group> <!-- Sanity -->
      <group name="Regression">
        <method signature="TC001_AccountRegristrationTest.verify_account_registration()[pri:0, instance:testCases.TC001_AccountRegristrationTest@4efbca5a]" name="verify_account_registration" class="testCases.TC001_AccountRegristrationTest"/>
      </group> <!-- Regression -->
    </groups>
    <test started-at="2024-10-29T00:15:26 IST" name="Test" finished-at="2024-10-29T00:15:42 IST" duration-ms="16028">
      <class name="testCases.TC001_AccountRegristrationTest">
        <test-method is-config="true" signature="setup(java.lang.String,java.lang.String)[pri:0, instance:testCases.TC001_AccountRegristrationTest@4efbca5a]" started-at="2024-10-29T00:15:26 IST" name="setup" finished-at="2024-10-29T00:15:31 IST" duration-ms="5178" status="PASS">
          <params>
            <param index="0">
              <value>
                <![CDATA[chrome]]>
              </value>
            </param>
            <param index="1">
              <value>
                <![CDATA[windows]]>
              </value>
            </param>
          </params>
          <reporter-output>
          </reporter-output>
        </test-method> <!-- setup -->
        <test-method signature="verify_account_registration()[pri:0, instance:testCases.TC001_AccountRegristrationTest@4efbca5a]" started-at="2024-10-29T00:15:31 IST" name="verify_account_registration" finished-at="2024-10-29T00:15:33 IST" duration-ms="1854" status="PASS">
          <reporter-output>
          </reporter-output>
        </test-method> <!-- verify_account_registration -->
        <test-method is-config="true" signature="teardown()[pri:0, instance:testCases.TC001_AccountRegristrationTest@4efbca5a]" started-at="2024-10-29T00:15:33 IST" name="teardown" finished-at="2024-10-29T00:15:33 IST" duration-ms="148" status="PASS">
          <reporter-output>
          </reporter-output>
        </test-method> <!-- teardown -->
      </class> <!-- testCases.TC001_AccountRegristrationTest -->
      <class name="testCases.TC002_LoginTest">
        <test-method is-config="true" signature="setup(java.lang.String,java.lang.String)[pri:0, instance:testCases.TC002_LoginTest@72967906]" started-at="2024-10-29T00:15:33 IST" name="setup" finished-at="2024-10-29T00:15:36 IST" duration-ms="2723" status="PASS">
          <params>
            <param index="0">
              <value>
                <![CDATA[chrome]]>
              </value>
            </param>
            <param index="1">
              <value>
                <![CDATA[windows]]>
              </value>
            </param>
          </params>
          <reporter-output>
          </reporter-output>
        </test-method> <!-- setup -->
        <test-method signature="verify_login()[pri:0, instance:testCases.TC002_LoginTest@72967906]" started-at="2024-10-29T00:15:36 IST" name="verify_login" finished-at="2024-10-29T00:15:38 IST" duration-ms="1820" status="PASS">
          <reporter-output>
          </reporter-output>
        </test-method> <!-- verify_login -->
        <test-method is-config="true" signature="teardown()[pri:0, instance:testCases.TC002_LoginTest@72967906]" started-at="2024-10-29T00:15:38 IST" name="teardown" finished-at="2024-10-29T00:15:38 IST" duration-ms="131" status="PASS">
          <reporter-output>
          </reporter-output>
        </test-method> <!-- teardown -->
      </class> <!-- testCases.TC002_LoginTest -->
      <class name="testCases.TC_RF_002">
        <test-method is-config="true" signature="setup(java.lang.String,java.lang.String)[pri:0, instance:testCases.TC_RF_002@5b8dfcc1]" started-at="2024-10-29T00:15:38 IST" name="setup" finished-at="2024-10-29T00:15:40 IST" duration-ms="2435" status="PASS">
          <params>
            <param index="0">
              <value>
                <![CDATA[chrome]]>
              </value>
            </param>
            <param index="1">
              <value>
                <![CDATA[windows]]>
              </value>
            </param>
          </params>
          <reporter-output>
          </reporter-output>
        </test-method> <!-- setup -->
        <test-method signature="verify_mandatory_fields_err()[pri:0, instance:testCases.TC_RF_002@5b8dfcc1]" started-at="2024-10-29T00:15:40 IST" name="verify_mandatory_fields_err" finished-at="2024-10-29T00:15:42 IST" duration-ms="1397" status="PASS">
          <reporter-output>
          </reporter-output>
        </test-method> <!-- verify_mandatory_fields_err -->
        <test-method is-config="true" signature="teardown()[pri:0, instance:testCases.TC_RF_002@5b8dfcc1]" started-at="2024-10-29T00:15:42 IST" name="teardown" finished-at="2024-10-29T00:15:42 IST" duration-ms="128" status="PASS">
          <reporter-output>
          </reporter-output>
        </test-method> <!-- teardown -->
      </class> <!-- testCases.TC_RF_002 -->
    </test> <!-- Test -->
  </suite> <!-- Master-Suite -->
</testng-results>
