<?xml version="1.0" encoding="UTF-8"?>
<testsuite xmlns:xsi="http://www.w3.org/2001/XMLSchema-instance" xsi:noNamespaceSchemaLocation="https://maven.apache.org/surefire/maven-surefire-plugin/xsd/surefire-test-report.xsd" version="3.0.2" name="TestSuite" time="16.728" tests="3" errors="0" skipped="0" failures="0">
  <properties>
[...]
</properties>
  <testcase name="verify_account_registration" classname="testCases.TC001_AccountRegristrationTest" time="1.862">
    <system-out><![CDATA[2024-10-28T18:45:26.771955100Z main INFO Starting configuration XmlConfiguration[location=C:\Users\anime\eclipse-workspace\openCart_v1.1\target\test-classes\log4j2.xml, lastModified=2024-10-22T15:56:13.806Z]...
2024-10-28T18:45:26.772954900Z main INFO Start watching for changes to C:\Users\anime\eclipse-workspace\openCart_v1.1\target\test-classes\log4j2.xml every 0 seconds
2024-10-28T18:45:26.772954900Z main INFO Configuration XmlConfiguration[location=C:\Users\anime\eclipse-workspace\openCart_v1.1\target\test-classes\log4j2.xml, lastModified=2024-10-22T15:56:13.806Z] started.
2024-10-28T18:45:26.773955100Z main INFO Stopping configuration org.apache.logging.log4j.core.config.DefaultConfiguration@5aac4250...
2024-10-28T18:45:26.773955100Z main INFO Configuration org.apache.logging.log4j.core.config.DefaultConfiguration@5aac4250 stopped.
]]></system-out>
    <system-err><![CDATA[SLF4J: Failed to load class "org.slf4j.impl.StaticLoggerBinder".
SLF4J: Defaulting to no-operation (NOP) logger implementation
SLF4J: See http://www.slf4j.org/codes.html#StaticLoggerBinder for further details.
Oct 29, 2024 12:15:29 AM org.openqa.selenium.devtools.CdpVersionFinder findNearestMatch
WARNING: Unable to find an exact match for CDP version 130, returning the closest version; found: 129; Please update to a Selenium version that supports CDP version 130
]]></system-err>
  </testcase>
  <testcase name="verify_login" classname="testCases.TC002_LoginTest" time="1.821">
    <system-err><![CDATA[Oct 29, 2024 12:15:34 AM org.openqa.selenium.devtools.CdpVersionFinder findNearestMatch
WARNING: Unable to find an exact match for CDP version 130, returning the closest version; found: 129; Please update to a Selenium version that supports CDP version 130
]]></system-err>
  </testcase>
  <testcase name="verify_mandatory_fields_err" classname="testCases.TC_RF_002" time="1.397">
    <system-err><![CDATA[Oct 29, 2024 12:15:39 AM org.openqa.selenium.devtools.CdpVersionFinder findNearestMatch
WARNING: Unable to find an exact match for CDP version 130, returning the closest version; found: 129; Please update to a Selenium version that supports CDP version 130
]]></system-err>
  </testcase>
</testsuite>