<?xml version="1.0" encoding="UTF-8"?>
<!-- Generated by org.testng.reporters.JUnitXMLReporter -->
<testsuite ignored="0" hostname="Animesh" failures="0" tests="3" name="Test" time="16.028" errors="0" timestamp="2024-10-29T00:15:42 IST">
  <testcase classname="testCases.TC001_AccountRegristrationTest" name="verify_account_registration" time="1.854"/>
  <testcase classname="testCases.TC002_LoginTest" name="verify_login" time="1.82"/>
  <testcase classname="testCases.TC_RF_002" name="verify_mandatory_fields_err" time="1.397"/>
</testsuite> <!-- Test -->
