<?xml version="1.0" encoding="UTF-8"?>
<!-- Generated by org.testng.reporters.JUnitXMLReporter -->
<testsuite ignored="1" hostname="Animesh" failures="2" tests="2" name="Test" time="40.389" errors="0" timestamp="2024-10-21T02:05:56 IST">
  <testcase classname="testCases.TC001_AccountRegristrationTest" name="verify_account_registration" time="1.469">
    <failure type="java.lang.AssertionError" message="The following asserts failed:
	expected [Your Account Has Been Created!] but found [Register Account]">
      <![CDATA[java.lang.AssertionError: The following asserts failed:
expected [Your Account Has Been Created!] but found [Register Account]
at testCases.TC001_AccountRegristrationTest.verify_account_registration(TC001_AccountRegristrationTest.java:47)
at java.base/java.util.ArrayList.forEach(ArrayList.java:1511)
... Removed 29 stack frames]]>
    </failure>
  </testcase> <!-- verify_account_registration -->
  <testcase classname="testCases.TC002_LoginTest" name="verify_login" time="31.406">
    <failure type="java.lang.AssertionError" message="The following asserts failed:
	expected [true] but found [false]">
      <![CDATA[java.lang.AssertionError: The following asserts failed:
expected [true] but found [false]
at testCases.TC002_LoginTest.verify_login(TC002_LoginTest.java:27)
at java.base/java.util.ArrayList.forEach(ArrayList.java:1511)
... Removed 29 stack frames]]>
    </failure>
  </testcase> <!-- verify_login -->
  <testcase classname="testCases.TC003_LoginTestDDT" name="verify_login_ddt" time="0.0">
    <ignored/>
  </testcase> <!-- verify_login_ddt -->
</testsuite> <!-- Test -->
